<?xml version="1.0" encoding="UTF-8"?>
<testng-results skipped="0" failed="0" total="1" passed="1">
  <reporter-output>
  </reporter-output>
  <suite name="LoginTest" duration-ms="15" started-at="2022-11-29T06:02:54Z" finished-at="2022-11-29T06:02:54Z">
    <groups>
    </groups>
    <test name="Command line test" duration-ms="15" started-at="2022-11-29T06:02:54Z" finished-at="2022-11-29T06:02:54Z">
      <class name="LoginTest">
        <test-method status="PASS" signature="test01()[pri:0, instance:LoginTest@2752f6e2]" name="test01" duration-ms="15" started-at="2022-11-29T14:02:54Z" finished-at="2022-11-29T14:02:54Z">
          <reporter-output>
          </reporter-output>
        </test-method> <!-- test01 -->
      </class> <!-- LoginTest -->
    </test> <!-- Command line test -->
  </suite> <!-- LoginTest -->
</testng-results>
